Pig Stack Trace
---------------
ERROR 6007: Unable to check name hdfs://localhost:9000/user/wuzzapcom

Failed to parse: Pig script failed to parse: 
<line 1, column 11> pig script failed to validate: org.apache.pig.backend.datastorage.DataStorageException: ERROR 6007: Unable to check name hdfs://localhost:9000/user/wuzzapcom
	at org.apache.pig.parser.QueryParserDriver.parse(QueryParserDriver.java:199)
	at org.apache.pig.PigServer$Graph.validateQuery(PigServer.java:1791)
	at org.apache.pig.PigServer$Graph.registerQuery(PigServer.java:1764)
	at org.apache.pig.PigServer.registerQuery(PigServer.java:707)
	at org.apache.pig.tools.grunt.GruntParser.processPig(GruntParser.java:1075)
	at org.apache.pig.tools.pigscript.parser.PigScriptParser.parse(PigScriptParser.java:505)
	at org.apache.pig.tools.grunt.GruntParser.parseStopOnError(GruntParser.java:231)
	at org.apache.pig.tools.grunt.GruntParser.parseStopOnError(GruntParser.java:206)
	at org.apache.pig.tools.grunt.Grunt.run(Grunt.java:66)
	at org.apache.pig.Main.run(Main.java:564)
	at org.apache.pig.Main.main(Main.java:176)
	at sun.reflect.NativeMethodAccessorImpl.invoke0(Native Method)
	at sun.reflect.NativeMethodAccessorImpl.invoke(NativeMethodAccessorImpl.java:62)
	at sun.reflect.DelegatingMethodAccessorImpl.invoke(DelegatingMethodAccessorImpl.java:43)
	at java.lang.reflect.Method.invoke(Method.java:498)
	at org.apache.hadoop.util.RunJar.run(RunJar.java:234)
	at org.apache.hadoop.util.RunJar.main(RunJar.java:148)
Caused by: 
<line 1, column 11> pig script failed to validate: org.apache.pig.backend.datastorage.DataStorageException: ERROR 6007: Unable to check name hdfs://localhost:9000/user/wuzzapcom
	at org.apache.pig.parser.LogicalPlanBuilder.buildLoadOp(LogicalPlanBuilder.java:897)
	at org.apache.pig.parser.LogicalPlanGenerator.load_clause(LogicalPlanGenerator.java:3568)
	at org.apache.pig.parser.LogicalPlanGenerator.op_clause(LogicalPlanGenerator.java:1625)
	at org.apache.pig.parser.LogicalPlanGenerator.general_statement(LogicalPlanGenerator.java:1102)
	at org.apache.pig.parser.LogicalPlanGenerator.statement(LogicalPlanGenerator.java:560)
	at org.apache.pig.parser.LogicalPlanGenerator.query(LogicalPlanGenerator.java:421)
	at org.apache.pig.parser.QueryParserDriver.parse(QueryParserDriver.java:191)
	... 16 more
Caused by: org.apache.pig.backend.datastorage.DataStorageException: ERROR 6007: Unable to check name hdfs://localhost:9000/user/wuzzapcom
	at org.apache.pig.backend.hadoop.datastorage.HDataStorage.isContainer(HDataStorage.java:207)
	at org.apache.pig.backend.hadoop.datastorage.HDataStorage.asElement(HDataStorage.java:128)
	at org.apache.pig.backend.hadoop.datastorage.HDataStorage.asElement(HDataStorage.java:138)
	at org.apache.pig.parser.QueryParserUtils.getCurrentDir(QueryParserUtils.java:91)
	at org.apache.pig.parser.LogicalPlanBuilder.buildLoadOp(LogicalPlanBuilder.java:889)
	... 22 more
Caused by: java.net.ConnectException: Call From macbook-pro/192.168.1.254 to localhost:9000 failed on connection exception: java.net.ConnectException: Connection refused; For more details see:  http://wiki.apache.org/hadoop/ConnectionRefused
	at sun.reflect.NativeConstructorAccessorImpl.newInstance0(Native Method)
	at sun.reflect.NativeConstructorAccessorImpl.newInstance(NativeConstructorAccessorImpl.java:62)
	at sun.reflect.DelegatingConstructorAccessorImpl.newInstance(DelegatingConstructorAccessorImpl.java:45)
	at java.lang.reflect.Constructor.newInstance(Constructor.java:423)
	at org.apache.hadoop.net.NetUtils.wrapWithMessage(NetUtils.java:801)
	at org.apache.hadoop.net.NetUtils.wrapException(NetUtils.java:732)
	at org.apache.hadoop.ipc.Client.getRpcResponse(Client.java:1485)
	at org.apache.hadoop.ipc.Client.call(Client.java:1427)
	at org.apache.hadoop.ipc.Client.call(Client.java:1337)
	at org.apache.hadoop.ipc.ProtobufRpcEngine$Invoker.invoke(ProtobufRpcEngine.java:227)
	at org.apache.hadoop.ipc.ProtobufRpcEngine$Invoker.invoke(ProtobufRpcEngine.java:116)
	at com.sun.proxy.$Proxy10.getFileInfo(Unknown Source)
	at org.apache.hadoop.hdfs.protocolPB.ClientNamenodeProtocolTranslatorPB.getFileInfo(ClientNamenodeProtocolTranslatorPB.java:787)
	at sun.reflect.NativeMethodAccessorImpl.invoke0(Native Method)
	at sun.reflect.NativeMethodAccessorImpl.invoke(NativeMethodAccessorImpl.java:62)
	at sun.reflect.DelegatingMethodAccessorImpl.invoke(DelegatingMethodAccessorImpl.java:43)
	at java.lang.reflect.Method.invoke(Method.java:498)
	at org.apache.hadoop.io.retry.RetryInvocationHandler.invokeMethod(RetryInvocationHandler.java:398)
	at org.apache.hadoop.io.retry.RetryInvocationHandler$Call.invokeMethod(RetryInvocationHandler.java:163)
	at org.apache.hadoop.io.retry.RetryInvocationHandler$Call.invoke(RetryInvocationHandler.java:155)
	at org.apache.hadoop.io.retry.RetryInvocationHandler$Call.invokeOnce(RetryInvocationHandler.java:95)
	at org.apache.hadoop.io.retry.RetryInvocationHandler.invoke(RetryInvocationHandler.java:335)
	at com.sun.proxy.$Proxy11.getFileInfo(Unknown Source)
	at org.apache.hadoop.hdfs.DFSClient.getFileInfo(DFSClient.java:1700)
	at org.apache.hadoop.hdfs.DistributedFileSystem$27.doCall(DistributedFileSystem.java:1436)
	at org.apache.hadoop.hdfs.DistributedFileSystem$27.doCall(DistributedFileSystem.java:1433)
	at org.apache.hadoop.fs.FileSystemLinkResolver.resolve(FileSystemLinkResolver.java:81)
	at org.apache.hadoop.hdfs.DistributedFileSystem.getFileStatus(DistributedFileSystem.java:1433)
	at org.apache.hadoop.fs.FileSystem.exists(FileSystem.java:1436)
	at org.apache.pig.backend.hadoop.datastorage.HDataStorage.isContainer(HDataStorage.java:200)
	... 26 more
Caused by: java.net.ConnectException: Connection refused
	at sun.nio.ch.SocketChannelImpl.checkConnect(Native Method)
	at sun.nio.ch.SocketChannelImpl.finishConnect(SocketChannelImpl.java:717)
	at org.apache.hadoop.net.SocketIOWithTimeout.connect(SocketIOWithTimeout.java:206)
	at org.apache.hadoop.net.NetUtils.connect(NetUtils.java:531)
	at org.apache.hadoop.net.NetUtils.connect(NetUtils.java:495)
	at org.apache.hadoop.ipc.Client$Connection.setupConnection(Client.java:681)
	at org.apache.hadoop.ipc.Client$Connection.setupIOstreams(Client.java:777)
	at org.apache.hadoop.ipc.Client$Connection.access$3500(Client.java:409)
	at org.apache.hadoop.ipc.Client.getConnection(Client.java:1542)
	at org.apache.hadoop.ipc.Client.call(Client.java:1373)
	... 48 more
================================================================================
